# JRE version: OpenJDK Runtime Environment (8.0_402-b06) (build 1.8.0_402-b06)
# Java VM: OpenJDK 64-Bit Server VM (25.402-b06 mixed mode windows-amd64 compressed oops)
Heap:
 PSYoungGen      total 74752K, used 24696K [0x00000000eb980000, 0x00000000f4e80000, 0x0000000100000000)
  eden space 62464K, 39% used [0x00000000eb980000,0x00000000ed19e250,0x00000000ef680000)
  from space 12288K, 0% used [0x00000000ef680000,0x00000000ef680000,0x00000000f0280000)
  to   space 13824K, 0% used [0x00000000f4100000,0x00000000f4100000,0x00000000f4e80000)
 ParOldGen       total 51712K, used 20036K [0x00000000c2c00000, 0x00000000c5e80000, 0x00000000eb980000)
  object space 51712K, 38% used [0x00000000c2c00000,0x00000000c3f911c0,0x00000000c5e80000)
 Metaspace       used 22161K, capacity 22504K, committed 22656K, reserved 1069056K
  class space    used 2765K, capacity 2880K, committed 2944K, reserved 1048576K
GC Heap History (10 events):
Event: 2.790 GC heap before
{Heap before GC invocations=4 (full 0):
 PSYoungGen      total 18432K, used 18417K [0x00000000eb980000, 0x00000000edd80000, 0x0000000100000000)
  eden space 15872K, 100% used [0x00000000eb980000,0x00000000ec900000,0x00000000ec900000)
  from space 2560K, 99% used [0x00000000ec900000,0x00000000ecb7c780,0x00000000ecb80000)
  to   space 2560K, 0% used [0x00000000edb00000,0x00000000edb00000,0x00000000edd80000)
 ParOldGen       total 42496K, used 7046K [0x00000000c2c00000, 0x00000000c5580000, 0x00000000eb980000)
  object space 42496K, 16% used [0x00000000c2c00000,0x00000000c32e1800,0x00000000c5580000)
 Metaspace       used 10034K, capacity 10196K, committed 10368K, reserved 1058816K
  class space    used 1195K, capacity 1288K, committed 1408K, reserved 1048576K
Event: 2.816 GC heap after
Heap after GC invocations=4 (full 0):
 PSYoungGen      total 34304K, used 2528K [0x00000000eb980000, 0x00000000edd80000, 0x0000000100000000)
  eden space 31744K, 0% used [0x00000000eb980000,0x00000000eb980000,0x00000000ed880000)
  from space 2560K, 98% used [0x00000000edb00000,0x00000000edd78030,0x00000000edd80000)
  to   space 2560K, 0% used [0x00000000ed880000,0x00000000ed880000,0x00000000edb00000)
 ParOldGen       total 42496K, used 13347K [0x00000000c2c00000, 0x00000000c5580000, 0x00000000eb980000)
  object space 42496K, 31% used [0x00000000c2c00000,0x00000000c3908d80,0x00000000c5580000)
 Metaspace       used 10034K, capacity 10196K, committed 10368K, reserved 1058816K
  class space    used 1195K, capacity 1288K, committed 1408K, reserved 1048576K
}
Event: 4.063 GC heap before
{Heap before GC invocations=5 (full 0):
 PSYoungGen      total 34304K, used 34272K [0x00000000eb980000, 0x00000000edd80000, 0x0000000100000000)
  eden space 31744K, 100% used [0x00000000eb980000,0x00000000ed880000,0x00000000ed880000)
  from space 2560K, 98% used [0x00000000edb00000,0x00000000edd78030,0x00000000edd80000)
  to   space 2560K, 0% used [0x00000000ed880000,0x00000000ed880000,0x00000000edb00000)
 ParOldGen       total 42496K, used 13347K [0x00000000c2c00000, 0x00000000c5580000, 0x00000000eb980000)
  object space 42496K, 31% used [0x00000000c2c00000,0x00000000c3908d80,0x00000000c5580000)
 Metaspace       used 13551K, capacity 13728K, committed 14080K, reserved 1060864K
  class space    used 1670K, capacity 1738K, committed 1792K, reserved 1048576K
Event: 4.087 GC heap after
Heap after GC invocations=5 (full 0):
 PSYoungGen      total 34304K, used 2528K [0x00000000eb980000, 0x00000000f0d80000, 0x0000000100000000)
  eden space 31744K, 0% used [0x00000000eb980000,0x00000000eb980000,0x00000000ed880000)
  from space 2560K, 98% used [0x00000000ed880000,0x00000000edaf8010,0x00000000edb00000)
  to   space 11264K, 0% used [0x00000000f0280000,0x00000000f0280000,0x00000000f0d80000)
 ParOldGen       total 42496K, used 20036K [0x00000000c2c00000, 0x00000000c5580000, 0x00000000eb980000)
  object space 42496K, 47% used [0x00000000c2c00000,0x00000000c3f91090,0x00000000c5580000)
 Metaspace       used 13551K, capacity 13728K, committed 14080K, reserved 1060864K
  class space    used 1670K, capacity 1738K, committed 1792K, reserved 1048576K
}
Event: 5.230 GC heap before
{Heap before GC invocations=6 (full 0):
 PSYoungGen      total 34304K, used 34272K [0x00000000eb980000, 0x00000000f0d80000, 0x0000000100000000)
  eden space 31744K, 100% used [0x00000000eb980000,0x00000000ed880000,0x00000000ed880000)
  from space 2560K, 98% used [0x00000000ed880000,0x00000000edaf8010,0x00000000edb00000)
  to   space 11264K, 0% used [0x00000000f0280000,0x00000000f0280000,0x00000000f0d80000)
 ParOldGen       total 42496K, used 20036K [0x00000000c2c00000, 0x00000000c5580000, 0x00000000eb980000)
  object space 42496K, 47% used [0x00000000c2c00000,0x00000000c3f91090,0x00000000c5580000)
 Metaspace       used 17206K, capacity 17462K, committed 17664K, reserved 1064960K
  class space    used 2188K, capacity 2291K, committed 2304K, reserved 1048576K
Event: 5.256 GC heap after
Heap after GC invocations=6 (full 0):
 PSYoungGen      total 73728K, used 9198K [0x00000000eb980000, 0x00000000f0f80000, 0x0000000100000000)
  eden space 62464K, 0% used [0x00000000eb980000,0x00000000eb980000,0x00000000ef680000)
  from space 11264K, 81% used [0x00000000f0280000,0x00000000f0b7bad0,0x00000000f0d80000)
  to   space 12288K, 0% used [0x00000000ef680000,0x00000000ef680000,0x00000000f0280000)
 ParOldGen       total 42496K, used 20036K [0x00000000c2c00000, 0x00000000c5580000, 0x00000000eb980000)
  object space 42496K, 47% used [0x00000000c2c00000,0x00000000c3f91090,0x00000000c5580000)
 Metaspace       used 17206K, capacity 17462K, committed 17664K, reserved 1064960K
  class space    used 2188K, capacity 2291K, committed 2304K, reserved 1048576K
}
Event: 8.196 GC heap before
{Heap before GC invocations=7 (full 0):
 PSYoungGen      total 73728K, used 47120K [0x00000000eb980000, 0x00000000f0f80000, 0x0000000100000000)
  eden space 62464K, 60% used [0x00000000eb980000,0x00000000ede88538,0x00000000ef680000)
  from space 11264K, 81% used [0x00000000f0280000,0x00000000f0b7bad0,0x00000000f0d80000)
  to   space 12288K, 0% used [0x00000000ef680000,0x00000000ef680000,0x00000000f0280000)
 ParOldGen       total 42496K, used 20036K [0x00000000c2c00000, 0x00000000c5580000, 0x00000000eb980000)
  object space 42496K, 47% used [0x00000000c2c00000,0x00000000c3f91090,0x00000000c5580000)
 Metaspace       used 20836K, capacity 21098K, committed 21248K, reserved 1067008K
  class space    used 2632K, capacity 2731K, committed 2816K, reserved 1048576K
Event: 8.236 GC heap after
Heap after GC invocations=7 (full 0):
 PSYoungGen      total 74752K, used 11796K [0x00000000eb980000, 0x00000000f4e80000, 0x0000000100000000)
  eden space 62464K, 0% used [0x00000000eb980000,0x00000000eb980000,0x00000000ef680000)
  from space 12288K, 95% used [0x00000000ef680000,0x00000000f0205120,0x00000000f0280000)
  to   space 13824K, 0% used [0x00000000f4100000,0x00000000f4100000,0x00000000f4e80000)
 ParOldGen       total 42496K, used 20356K [0x00000000c2c00000, 0x00000000c5580000, 0x00000000eb980000)
  object space 42496K, 47% used [0x00000000c2c00000,0x00000000c3fe10a0,0x00000000c5580000)
 Metaspace       used 20836K, capacity 21098K, committed 21248K, reserved 1067008K
  class space    used 2632K, capacity 2731K, committed 2816K, reserved 1048576K
}
Event: 8.236 GC heap before
{Heap before GC invocations=8 (full 1):
 PSYoungGen      total 74752K, used 11796K [0x00000000eb980000, 0x00000000f4e80000, 0x0000000100000000)
  eden space 62464K, 0% used [0x00000000eb980000,0x00000000eb980000,0x00000000ef680000)
  from space 12288K, 95% used [0x00000000ef680000,0x00000000f0205120,0x00000000f0280000)
  to   space 13824K, 0% used [0x00000000f4100000,0x00000000f4100000,0x00000000f4e80000)
 ParOldGen       total 42496K, used 20356K [0x00000000c2c00000, 0x00000000c5580000, 0x00000000eb980000)
  object space 42496K, 47% used [0x00000000c2c00000,0x00000000c3fe10a0,0x00000000c5580000)
 Metaspace       used 20836K, capacity 21098K, committed 21248K, reserved 1067008K
  class space    used 2632K, capacity 2731K, committed 2816K, reserved 1048576K
Event: 8.417 GC heap after
Heap after GC invocations=8 (full 1):
 PSYoungGen      total 74752K, used 0K [0x00000000eb980000, 0x00000000f4e80000, 0x0000000100000000)
  eden space 62464K, 0% used [0x00000000eb980000,0x00000000eb980000,0x00000000ef680000)
  from space 12288K, 0% used [0x00000000ef680000,0x00000000ef680000,0x00000000f0280000)
  to   space 13824K, 0% used [0x00000000f4100000,0x00000000f4100000,0x00000000f4e80000)
 ParOldGen       total 51712K, used 20036K [0x00000000c2c00000, 0x00000000c5e80000, 0x00000000eb980000)
  object space 51712K, 38% used [0x00000000c2c00000,0x00000000c3f911c0,0x00000000c5e80000)
 Metaspace       used 20836K, capacity 21098K, committed 21248K, reserved 1067008K
  class space    used 2632K, capacity 2731K, committed 2816K, reserved 1048576K
}

